<?xml version="1.0" encoding="UTF-8"?>
<!-- Generated by org.testng.reporters.JUnitReportReporter -->
<testsuite skipped="0" hostname="DESKTOP-86SU9N9" name="chaining.Getchnreq" tests="1" failures="0" timestamp="2020-03-30T21:53:11 PDT" time="6.855" errors="0">
  <testcase name="getreq" time="6.855" classname="chaining.Getchnreq"/>
  <system-out/>
</testsuite> <!-- chaining.Getchnreq -->
