<?xml version="1.0" encoding="UTF-8"?>
<!-- Generated by org.testng.reporters.JUnitReportReporter -->
<testsuite skipped="0" hostname="DESKTOP-86SU9N9" name="chaining.Createchangereq" tests="1" failures="0" timestamp="2020-03-30T21:53:11 PDT" time="4.232" errors="0">
  <testcase name="createreq" time="4.232" classname="chaining.Createchangereq"/>
  <system-out/>
</testsuite> <!-- chaining.Createchangereq -->
