<?xml version="1.0" encoding="UTF-8"?>
<!-- Generated by org.testng.reporters.JUnitReportReporter -->
<testsuite skipped="0" hostname="DESKTOP-86SU9N9" name="jiraAssignments.Getissues" tests="1" failures="0" timestamp="2020-04-06T15:49:15 PDT" time="4.434" errors="0">
  <testcase name="getissue" time="4.434" classname="jiraAssignments.Getissues"/>
  <system-out/>
</testsuite> <!-- jiraAssignments.Getissues -->
