<?xml version="1.0" encoding="UTF-8"?>
<!-- Generated by org.testng.reporters.JUnitReportReporter -->
<testsuite skipped="0" hostname="DESKTOP-86SU9N9" name="jiraAssignments.Createissue" tests="1" failures="0" timestamp="2020-04-06T16:09:31 PDT" time="3.546" errors="0">
  <testcase name="postissue" time="3.546" classname="jiraAssignments.Createissue"/>
  <system-out/>
</testsuite> <!-- jiraAssignments.Createissue -->
